<?xml version="1.0" encoding="UTF-8"?>
<persistence version="2.0"
   xmlns="http://java.sun.com/xml/ns/persistence" xmlns:xsi="http://www.w3.org/2001/XMLSchema-instance"
   xsi:schemaLocation="
        http://java.sun.com/xml/ns/persistence
        http://java.sun.com/xml/ns/persistence/persistence_2_0.xsd">
   <persistence-unit name="ARSV-pu" transaction-type="JTA">
      <provider>org.hibernate.ejb.HibernatePersistence</provider>
      <jta-data-source>java:jboss/datasources/ARSV-ds</jta-data-source>     
      
      <!-- class>cl.dgac.arsv.model.ArsvAsignacion</class>
      <class>cl.dgac.arsv.model.ArsvBaseOperacion</class>
      <class>cl.dgac.arsv.model.ArsvClasificacion</class>
      <class>cl.dgac.arsv.model.ArsvEquipoSupervivencia</class>
      <class>cl.dgac.arsv.model.ArsvEquipoUsar</class>
      <class>cl.dgac.arsv.model.ArsvEstadoSolicitud</class>
      <class>cl.dgac.arsv.model.ArsvGrupoUsuario</class>
      <class>cl.dgac.arsv.model.ArsvObjetoVuelo</class>
      <class>cl.dgac.arsv.model.ArsvPaisOrigen</class>
      <class>cl.dgac.arsv.model.ArsvProgramaActividad</class>
      <class>cl.dgac.arsv.model.ArsvRol</class>
      <class>cl.dgac.arsv.model.ArsvRuta</class>
      <class>cl.dgac.arsv.model.ArsvSeguridad</class>
      <class>cl.dgac.arsv.model.ArsvTipoComunicacion</class>
      <class>cl.dgac.arsv.model.ArsvTipoSolicitud</class>
      <class>cl.dgac.arsv.model.ArsvUnidad</class>
      <class>cl.dgac.arsv.model.ArsvUsuario</class>
      <class>cl.dgac.arsv.model.ArsvVentanaTiempo</class>
      <class>cl.dgac.arsv.model.GestionSolicitud</class>
      <class>cl.dgac.arsv.model.Solicitud</class>
      <class>cl.dgac.arsv.model.SolicitudArriboSobrevuelo</class>
      <class>cl.dgac.arsv.model.SolicitudOperacion</class -->
        
      <properties>
         <!-- Properties for Hibernate -->
         <property name="hibernate.dialect" value="org.hibernate.dialect.PostgreSQLDialect"/>
         <property name="hibernate.hbm2ddl.auto" value="update" />
         <property name="hibernate.show_sql" value="true" />
         <property name="hibernate.format_sql" value="true"/>
      </properties>
   </persistence-unit>
</persistence>